<?xml version="1.0" encoding="UTF-8"?>
<!-- Generated by org.testng.reporters.JUnitReportReporter -->
<testsuite skipped="0" hostname="bindu-PC" name="restasssurestestcases.Demo_8_Differentwaystoresponse" tests="4" failures="0" timestamp="04 May 2021 12:29:50 GMT" time="8.201" errors="2">
  <testcase name="getWeatherDetails" time="0.015" classname="restasssurestestcases.Demo_8_Differentwaystoresponse">
    <error type="java.lang.Error" message="Unresolved compilation problem: 
	The method get(String) is undefined for the type Demo_8_Differentwaystoresponse
">
      <![CDATA[java.lang.Error: Unresolved compilation problem: 
The method get(String) is undefined for the type Demo_8_Differentwaystoresponse

at restasssurestestcases.Demo_8_Differentwaystoresponse.getWeatherDetails(Demo_8_Differentwaystoresponse.java:30)
at sun.reflect.NativeMethodAccessorImpl.invoke0(Native Method)
at sun.reflect.NativeMethodAccessorImpl.invoke(NativeMethodAccessorImpl.java:62)
at sun.reflect.DelegatingMethodAccessorImpl.invoke(DelegatingMethodAccessorImpl.java:43)
at java.lang.reflect.Method.invoke(Method.java:498)
at org.testng.internal.MethodInvocationHelper.invokeMethod(MethodInvocationHelper.java:124)
at org.testng.internal.Invoker.invokeMethod(Invoker.java:583)
at org.testng.internal.Invoker.invokeTestMethod(Invoker.java:719)
at org.testng.internal.Invoker.invokeTestMethods(Invoker.java:989)
at org.testng.internal.TestMethodWorker.invokeTestMethods(TestMethodWorker.java:125)
at org.testng.internal.TestMethodWorker.run(TestMethodWorker.java:109)
at org.testng.TestRunner.privateRun(TestRunner.java:648)
at org.testng.TestRunner.run(TestRunner.java:505)
at org.testng.SuiteRunner.runTest(SuiteRunner.java:455)
at org.testng.SuiteRunner.runSequentially(SuiteRunner.java:450)
at org.testng.SuiteRunner.privateRun(SuiteRunner.java:415)
at org.testng.SuiteRunner.run(SuiteRunner.java:364)
at org.testng.SuiteRunnerWorker.runSuite(SuiteRunnerWorker.java:52)
at org.testng.SuiteRunnerWorker.run(SuiteRunnerWorker.java:84)
at org.testng.TestNG.runSuitesSequentially(TestNG.java:1208)
at org.testng.TestNG.runSuitesLocally(TestNG.java:1137)
at org.testng.TestNG.runSuites(TestNG.java:1049)
at org.testng.TestNG.run(TestNG.java:1017)
at org.testng.remote.AbstractRemoteTestNG.run(AbstractRemoteTestNG.java:114)
at org.testng.remote.RemoteTestNG.initAndRun(RemoteTestNG.java:251)
at org.testng.remote.RemoteTestNG.main(RemoteTestNG.java:77)
]]>
    </error>
  </testcase> <!-- getWeatherDetails -->
  <testcase name="testExtractDetailsUsingPath" time="7.928" classname="restasssurestestcases.Demo_8_Differentwaystoresponse"/>
  <testcase name="testExtractPathinOneLine" time="0.006" classname="restasssurestestcases.Demo_8_Differentwaystoresponse">
    <error type="java.lang.Error" message="Unresolved compilation problems: 
	The method Get(String) is undefined for the type Demo_8_Differentwaystoresponse
	The method get(String) is undefined for the type Demo_8_Differentwaystoresponse
	The method when() is undefined for the type Demo_8_Differentwaystoresponse
">
      <![CDATA[java.lang.Error: Unresolved compilation problems: 
The method Get(String) is undefined for the type Demo_8_Differentwaystoresponse
The method get(String) is undefined for the type Demo_8_Differentwaystoresponse
The method when() is undefined for the type Demo_8_Differentwaystoresponse

at restasssurestestcases.Demo_8_Differentwaystoresponse.testExtractPathinOneLine(Demo_8_Differentwaystoresponse.java:61)
at sun.reflect.NativeMethodAccessorImpl.invoke0(Native Method)
at sun.reflect.NativeMethodAccessorImpl.invoke(NativeMethodAccessorImpl.java:62)
at sun.reflect.DelegatingMethodAccessorImpl.invoke(DelegatingMethodAccessorImpl.java:43)
at java.lang.reflect.Method.invoke(Method.java:498)
at org.testng.internal.MethodInvocationHelper.invokeMethod(MethodInvocationHelper.java:124)
at org.testng.internal.Invoker.invokeMethod(Invoker.java:583)
at org.testng.internal.Invoker.invokeTestMethod(Invoker.java:719)
at org.testng.internal.Invoker.invokeTestMethods(Invoker.java:989)
at org.testng.internal.TestMethodWorker.invokeTestMethods(TestMethodWorker.java:125)
at org.testng.internal.TestMethodWorker.run(TestMethodWorker.java:109)
at org.testng.TestRunner.privateRun(TestRunner.java:648)
at org.testng.TestRunner.run(TestRunner.java:505)
at org.testng.SuiteRunner.runTest(SuiteRunner.java:455)
at org.testng.SuiteRunner.runSequentially(SuiteRunner.java:450)
at org.testng.SuiteRunner.privateRun(SuiteRunner.java:415)
at org.testng.SuiteRunner.run(SuiteRunner.java:364)
at org.testng.SuiteRunnerWorker.runSuite(SuiteRunnerWorker.java:52)
at org.testng.SuiteRunnerWorker.run(SuiteRunnerWorker.java:84)
at org.testng.TestNG.runSuitesSequentially(TestNG.java:1208)
at org.testng.TestNG.runSuitesLocally(TestNG.java:1137)
at org.testng.TestNG.runSuites(TestNG.java:1049)
at org.testng.TestNG.run(TestNG.java:1017)
at org.testng.remote.AbstractRemoteTestNG.run(AbstractRemoteTestNG.java:114)
at org.testng.remote.RemoteTestNG.initAndRun(RemoteTestNG.java:251)
at org.testng.remote.RemoteTestNG.main(RemoteTestNG.java:77)
]]>
    </error>
  </testcase> <!-- testExtractPathinOneLine -->
  <testcase name="testExtractDetailsUsingResponse" time="0.252" classname="restasssurestestcases.Demo_8_Differentwaystoresponse"/>
</testsuite> <!-- restasssurestestcases.Demo_8_Differentwaystoresponse -->
